16:52:02.061 INFO - Launching a standalone server
16:52:02.091 INFO - Java: Oracle Corporation 23.25-b01
16:52:02.091 INFO - OS: Mac OS X 10.10.2 x86_64
16:52:02.104 INFO - v2.45.0, with Core v2.45.0. Built from revision 5017cb8
16:52:02.170 INFO - Default driver org.openqa.selenium.ie.InternetExplorerDriver registration is skipped: registration capabilities Capabilities [{platform=WINDOWS, ensureCleanSession=true, browserName=internet explorer, version=}] does not match with current platform: MAC
16:52:02.206 INFO - RemoteWebDriver instances should connect to: http://127.0.0.1:4444/wd/hub
16:52:02.207 INFO - Version Jetty/5.1.x
16:52:02.207 INFO - Started HttpContext[/selenium-server/driver,/selenium-server/driver]
16:52:02.208 INFO - Started HttpContext[/selenium-server,/selenium-server]
16:52:02.208 INFO - Started HttpContext[/,/]
16:52:02.323 INFO - Started org.openqa.jetty.jetty.servlet.ServletHandler@45c948cb
16:52:02.323 INFO - Started HttpContext[/wd,/wd]
16:52:02.326 INFO - Started SocketListener on 0.0.0.0:4444
16:52:02.326 INFO - Started org.openqa.jetty.jetty.Server@5d771ead
16:52:02.507 INFO - Executing: [new session: Capabilities [{platform=ANY, acceptSslCerts=true, javascriptEnabled=true, browserName=phantomjs, name=Test, phantomjs.binary.path=node_modules/phantomjs/bin/phantomjs}]])
16:52:02.515 INFO - Creating a new session for Capabilities [{platform=ANY, acceptSslCerts=true, javascriptEnabled=true, browserName=phantomjs, name=Test, phantomjs.binary.path=node_modules/phantomjs/bin/phantomjs}]
16:52:02.520 INFO - executable: /Users/claughlin/code/javascript/nightwatch-test/node_modules/phantomjs/bin/phantomjs
16:52:02.520 INFO - port: 15903
16:52:02.520 INFO - arguments: [--webdriver=15903, --webdriver-logfile=/Users/claughlin/code/javascript/nightwatch-test/phantomjsdriver.log]
16:52:02.520 INFO - environment: {}
PhantomJS is launching GhostDriver...
[INFO  - 2015-03-31T15:52:03.488Z] GhostDriver - Main - running on port 15903
[INFO  - 2015-03-31T15:52:03.778Z] Session [e02c54f0-d7bd-11e4-9c44-b55725c1bb46] - page.settings - {"XSSAuditingEnabled":false,"javascriptCanCloseWindows":true,"javascriptCanOpenWindows":true,"javascriptEnabled":true,"loadImages":true,"localToRemoteUrlAccessEnabled":false,"userAgent":"Mozilla/5.0 (Macintosh; Intel Mac OS X) AppleWebKit/534.34 (KHTML, like Gecko) PhantomJS/1.9.8 Safari/534.34","webSecurityEnabled":true}
[INFO  - 2015-03-31T15:52:03.778Z] Session [e02c54f0-d7bd-11e4-9c44-b55725c1bb46] - page.customHeaders:  - {}
[INFO  - 2015-03-31T15:52:03.778Z] Session [e02c54f0-d7bd-11e4-9c44-b55725c1bb46] - Session.negotiatedCapabilities - {"browserName":"phantomjs","version":"1.9.8","driverName":"ghostdriver","driverVersion":"1.1.0","platform":"mac-10.10 (Yosemite)-32bit","javascriptEnabled":true,"takesScreenshot":true,"handlesAlerts":false,"databaseEnabled":false,"locationContextEnabled":false,"applicationCacheEnabled":false,"browserConnectionEnabled":false,"cssSelectorsEnabled":true,"webStorageEnabled":false,"rotatable":false,"acceptSslCerts":false,"nativeEvents":true,"proxy":{"proxyType":"direct"}}
[INFO  - 2015-03-31T15:52:03.779Z] SessionManagerReqHand - _postNewSessionCommand - New Session Created: e02c54f0-d7bd-11e4-9c44-b55725c1bb46
16:52:03.807 INFO - Done: [new session: Capabilities [{platform=ANY, acceptSslCerts=true, javascriptEnabled=true, browserName=phantomjs, name=Test, phantomjs.binary.path=node_modules/phantomjs/bin/phantomjs}]]
16:52:03.815 INFO - Executing: [get: http://www.google.com])
16:52:05.761 INFO - Done: [get: http://www.google.com]
16:52:05.769 INFO - Executing: [find element: By.cssSelector: body])
16:52:05.792 INFO - Done: [find element: By.cssSelector: body]
16:52:05.794 INFO - Executing: [is displayed: 0 [[PhantomJSDriver: phantomjs on OS X 10.10 (e02c54f0-d7bd-11e4-9c44-b55725c1bb46)] -> css selector: body]])
16:52:05.810 INFO - Done: [is displayed: 0 [[PhantomJSDriver: phantomjs on OS X 10.10 (e02c54f0-d7bd-11e4-9c44-b55725c1bb46)] -> css selector: body]]
16:52:05.813 INFO - Executing: [find element: By.cssSelector: input[type=text]])
[ERROR - 2015-03-31T15:52:06.053Z] WebElementLocator - _handleLocateCommand - Element(s) NOT Found: GAVE UP. Search Stop Time: 1427817126016
16:52:06.859 WARN - Exception thrown
org.openqa.selenium.NoSuchElementException: {"errorMessage":"Unable to find element with css selector 'input[type=text]'","request":{"headers":{"Accept-Encoding":"gzip,deflate","Connection":"Keep-Alive","Content-Length":"56","Content-Type":"application/json; charset=utf-8","Host":"localhost:15903","User-Agent":"Apache-HttpClient/4.3.6 (java 1.5)"},"httpVersion":"1.1","method":"POST","post":"{\"using\":\"css selector\",\"value\":\"input[type\\u003dtext]\"}","url":"/element","urlParsed":{"anchor":"","query":"","file":"element","directory":"/","path":"/element","relative":"/element","port":"","host":"","password":"","user":"","userInfo":"","authority":"","protocol":"","source":"/element","queryKey":{},"chunks":["element"]},"urlOriginal":"/session/e02c54f0-d7bd-11e4-9c44-b55725c1bb46/element"}}
Command duration or timeout: 424 milliseconds
For documentation on this error, please visit: http://seleniumhq.org/exceptions/no_such_element.html
Build info: version: '2.45.0', revision: '5017cb8', time: '2015-02-26 23:59:50'
System info: host: 'localhost', ip: '127.0.0.1', os.name: 'Mac OS X', os.arch: 'x86_64', os.version: '10.10.2', java.version: '1.7.0_25'
*** Element info: {Using=css selector, value=input[type=text]}
Session ID: e02c54f0-d7bd-11e4-9c44-b55725c1bb46
Driver info: org.openqa.selenium.phantomjs.PhantomJSDriver
Capabilities [{platform=OS X 10.10, acceptSslCerts=false, javascriptEnabled=true, browserName=phantomjs, rotatable=false, driverVersion=1.1.0, locationContextEnabled=false, version=1.9.8, cssSelectorsEnabled=true, databaseEnabled=false, handlesAlerts=false, browserConnectionEnabled=false, proxy={proxyType=direct}, nativeEvents=true, webStorageEnabled=false, driverName=ghostdriver, applicationCacheEnabled=false, takesScreenshot=true}]
	at sun.reflect.NativeConstructorAccessorImpl.newInstance0(Native Method)
	at sun.reflect.NativeConstructorAccessorImpl.newInstance(NativeConstructorAccessorImpl.java:57)
	at sun.reflect.DelegatingConstructorAccessorImpl.newInstance(DelegatingConstructorAccessorImpl.java:45)
	at java.lang.reflect.Constructor.newInstance(Constructor.java:526)
	at org.openqa.selenium.remote.ErrorHandler.createThrowable(ErrorHandler.java:204)
	at org.openqa.selenium.remote.ErrorHandler.throwIfResponseFailed(ErrorHandler.java:156)
	at org.openqa.selenium.remote.RemoteWebDriver.execute(RemoteWebDriver.java:599)
	at org.openqa.selenium.remote.RemoteWebDriver.findElement(RemoteWebDriver.java:352)
	at org.openqa.selenium.remote.RemoteWebDriver.findElementByCssSelector(RemoteWebDriver.java:441)
	at org.openqa.selenium.By$ByCssSelector.findElement(By.java:426)
	at org.openqa.selenium.remote.RemoteWebDriver.findElement(RemoteWebDriver.java:344)
	at sun.reflect.NativeMethodAccessorImpl.invoke0(Native Method)
	at sun.reflect.NativeMethodAccessorImpl.invoke(NativeMethodAccessorImpl.java:57)
	at sun.reflect.DelegatingMethodAccessorImpl.invoke(DelegatingMethodAccessorImpl.java:43)
	at java.lang.reflect.Method.invoke(Method.java:606)
	at org.openqa.selenium.support.events.EventFiringWebDriver$2.invoke(EventFiringWebDriver.java:101)
	at com.sun.proxy.$Proxy1.findElement(Unknown Source)
	at org.openqa.selenium.support.events.EventFiringWebDriver.findElement(EventFiringWebDriver.java:184)
	at org.openqa.selenium.remote.server.handler.FindElement.call(FindElement.java:47)
	at org.openqa.selenium.remote.server.handler.FindElement.call(FindElement.java:1)
	at java.util.concurrent.FutureTask$Sync.innerRun(FutureTask.java:334)
	at java.util.concurrent.FutureTask.run(FutureTask.java:166)
	at org.openqa.selenium.remote.server.DefaultSession$1.run(DefaultSession.java:168)
	at java.util.concurrent.ThreadPoolExecutor.runWorker(ThreadPoolExecutor.java:1145)
	at java.util.concurrent.ThreadPoolExecutor$Worker.run(ThreadPoolExecutor.java:615)
	at java.lang.Thread.run(Thread.java:724)
Caused by: org.openqa.selenium.remote.ScreenshotException: Screen shot has been taken
Build info: version: '2.45.0', revision: '5017cb8', time: '2015-02-26 23:59:50'
System info: host: 'localhost', ip: '127.0.0.1', os.name: 'Mac OS X', os.arch: 'x86_64', os.version: '10.10.2', java.version: '1.7.0_25'
Driver info: driver.version: EventFiringWebDriver
	at org.openqa.selenium.remote.ErrorHandler.throwIfResponseFailed(ErrorHandler.java:136)
	... 20 more
Caused by: org.openqa.selenium.NoSuchElementException: {"errorMessage":"Unable to find element with css selector 'input[type=text]'","request":{"headers":{"Accept-Encoding":"gzip,deflate","Connection":"Keep-Alive","Content-Length":"56","Content-Type":"application/json; charset=utf-8","Host":"localhost:15903","User-Agent":"Apache-HttpClient/4.3.6 (java 1.5)"},"httpVersion":"1.1","method":"POST","post":"{\"using\":\"css selector\",\"value\":\"input[type\\u003dtext]\"}","url":"/element","urlParsed":{"anchor":"","query":"","file":"element","directory":"/","path":"/element","relative":"/element","port":"","host":"","password":"","user":"","userInfo":"","authority":"","protocol":"","source":"/element","queryKey":{},"chunks":["element"]},"urlOriginal":"/session/e02c54f0-d7bd-11e4-9c44-b55725c1bb46/element"}}
For documentation on this error, please visit: http://seleniumhq.org/exceptions/no_such_element.html
Build info: version: '2.45.0', revision: '5017cb8', time: '2015-02-26 23:59:50'
System info: host: 'localhost', ip: '127.0.0.1', os.name: 'Mac OS X', os.arch: 'x86_64', os.version: '10.10.2', java.version: '1.7.0_25'
Driver info: driver.version: unknown
16:52:06.867 WARN - Exception: {"errorMessage":"Unable to find element with css selector 'input[type=text]'","request":{"headers":{"Accept-Encoding":"gzip,deflate","Connection":"Keep-Alive","Content-Length":"56","Content-Type":"application/json; charset=utf-8","Host":"localhost:15903","User-Agent":"Apache-HttpClient/4.3.6 (java 1.5)"},"httpVersion":"1.1","method":"POST","post":"{\"using\":\"css selector\",\"value\":\"input[type\\u003dtext]\"}","url":"/element","urlParsed":{"anchor":"","query":"","file":"element","directory":"/","path":"/element","relative":"/element","port":"","host":"","password":"","user":"","userInfo":"","authority":"","protocol":"","source":"/element","queryKey":{},"chunks":["element"]},"urlOriginal":"/session/e02c54f0-d7bd-11e4-9c44-b55725c1bb46/element"}}
For documentation on this error, please visit: http://seleniumhq.org/exceptions/no_such_element.html
Build info: version: '2.45.0', revision: '5017cb8', time: '2015-02-26 23:59:50'
System info: host: 'localhost', ip: '127.0.0.1', os.name: 'Mac OS X', os.arch: 'x86_64', os.version: '10.10.2', java.version: '1.7.0_25'
Driver info: driver.version: unknown
16:52:06.939 INFO - Executing: [find element: By.cssSelector: button[name=btnG]])
[ERROR - 2015-03-31T15:52:07.186Z] WebElementLocator - _handleLocateCommand - Element(s) NOT Found: GAVE UP. Search Stop Time: 1427817127142
16:52:07.647 WARN - Exception thrown
org.openqa.selenium.NoSuchElementException: {"errorMessage":"Unable to find element with css selector 'button[name=btnG]'","request":{"headers":{"Accept-Encoding":"gzip,deflate","Connection":"Keep-Alive","Content-Length":"57","Content-Type":"application/json; charset=utf-8","Host":"localhost:15903","User-Agent":"Apache-HttpClient/4.3.6 (java 1.5)"},"httpVersion":"1.1","method":"POST","post":"{\"using\":\"css selector\",\"value\":\"button[name\\u003dbtnG]\"}","url":"/element","urlParsed":{"anchor":"","query":"","file":"element","directory":"/","path":"/element","relative":"/element","port":"","host":"","password":"","user":"","userInfo":"","authority":"","protocol":"","source":"/element","queryKey":{},"chunks":["element"]},"urlOriginal":"/session/e02c54f0-d7bd-11e4-9c44-b55725c1bb46/element"}}
Command duration or timeout: 419 milliseconds
For documentation on this error, please visit: http://seleniumhq.org/exceptions/no_such_element.html
Build info: version: '2.45.0', revision: '5017cb8', time: '2015-02-26 23:59:50'
System info: host: 'localhost', ip: '127.0.0.1', os.name: 'Mac OS X', os.arch: 'x86_64', os.version: '10.10.2', java.version: '1.7.0_25'
*** Element info: {Using=css selector, value=button[name=btnG]}
Session ID: e02c54f0-d7bd-11e4-9c44-b55725c1bb46
Driver info: org.openqa.selenium.phantomjs.PhantomJSDriver
Capabilities [{platform=OS X 10.10, acceptSslCerts=false, javascriptEnabled=true, browserName=phantomjs, rotatable=false, driverVersion=1.1.0, locationContextEnabled=false, version=1.9.8, cssSelectorsEnabled=true, databaseEnabled=false, handlesAlerts=false, browserConnectionEnabled=false, proxy={proxyType=direct}, nativeEvents=true, webStorageEnabled=false, driverName=ghostdriver, applicationCacheEnabled=false, takesScreenshot=true}]
	at sun.reflect.NativeConstructorAccessorImpl.newInstance0(Native Method)
	at sun.reflect.NativeConstructorAccessorImpl.newInstance(NativeConstructorAccessorImpl.java:57)
	at sun.reflect.DelegatingConstructorAccessorImpl.newInstance(DelegatingConstructorAccessorImpl.java:45)
	at java.lang.reflect.Constructor.newInstance(Constructor.java:526)
	at org.openqa.selenium.remote.ErrorHandler.createThrowable(ErrorHandler.java:204)
	at org.openqa.selenium.remote.ErrorHandler.throwIfResponseFailed(ErrorHandler.java:156)
	at org.openqa.selenium.remote.RemoteWebDriver.execute(RemoteWebDriver.java:599)
	at org.openqa.selenium.remote.RemoteWebDriver.findElement(RemoteWebDriver.java:352)
	at org.openqa.selenium.remote.RemoteWebDriver.findElementByCssSelector(RemoteWebDriver.java:441)
	at org.openqa.selenium.By$ByCssSelector.findElement(By.java:426)
	at org.openqa.selenium.remote.RemoteWebDriver.findElement(RemoteWebDriver.java:344)
	at sun.reflect.NativeMethodAccessorImpl.invoke0(Native Method)
	at sun.reflect.NativeMethodAccessorImpl.invoke(NativeMethodAccessorImpl.java:57)
	at sun.reflect.DelegatingMethodAccessorImpl.invoke(DelegatingMethodAccessorImpl.java:43)
	at java.lang.reflect.Method.invoke(Method.java:606)
	at org.openqa.selenium.support.events.EventFiringWebDriver$2.invoke(EventFiringWebDriver.java:101)
	at com.sun.proxy.$Proxy1.findElement(Unknown Source)
	at org.openqa.selenium.support.events.EventFiringWebDriver.findElement(EventFiringWebDriver.java:184)
	at org.openqa.selenium.remote.server.handler.FindElement.call(FindElement.java:47)
	at org.openqa.selenium.remote.server.handler.FindElement.call(FindElement.java:1)
	at java.util.concurrent.FutureTask$Sync.innerRun(FutureTask.java:334)
	at java.util.concurrent.FutureTask.run(FutureTask.java:166)
	at org.openqa.selenium.remote.server.DefaultSession$1.run(DefaultSession.java:168)
	at java.util.concurrent.ThreadPoolExecutor.runWorker(ThreadPoolExecutor.java:1145)
	at java.util.concurrent.ThreadPoolExecutor$Worker.run(ThreadPoolExecutor.java:615)
	at java.lang.Thread.run(Thread.java:724)
Caused by: org.openqa.selenium.remote.ScreenshotException: Screen shot has been taken
Build info: version: '2.45.0', revision: '5017cb8', time: '2015-02-26 23:59:50'
System info: host: 'localhost', ip: '127.0.0.1', os.name: 'Mac OS X', os.arch: 'x86_64', os.version: '10.10.2', java.version: '1.7.0_25'
Driver info: driver.version: EventFiringWebDriver
	at org.openqa.selenium.remote.ErrorHandler.throwIfResponseFailed(ErrorHandler.java:136)
	... 20 more
Caused by: org.openqa.selenium.NoSuchElementException: {"errorMessage":"Unable to find element with css selector 'button[name=btnG]'","request":{"headers":{"Accept-Encoding":"gzip,deflate","Connection":"Keep-Alive","Content-Length":"57","Content-Type":"application/json; charset=utf-8","Host":"localhost:15903","User-Agent":"Apache-HttpClient/4.3.6 (java 1.5)"},"httpVersion":"1.1","method":"POST","post":"{\"using\":\"css selector\",\"value\":\"button[name\\u003dbtnG]\"}","url":"/element","urlParsed":{"anchor":"","query":"","file":"element","directory":"/","path":"/element","relative":"/element","port":"","host":"","password":"","user":"","userInfo":"","authority":"","protocol":"","source":"/element","queryKey":{},"chunks":["element"]},"urlOriginal":"/session/e02c54f0-d7bd-11e4-9c44-b55725c1bb46/element"}}
For documentation on this error, please visit: http://seleniumhq.org/exceptions/no_such_element.html
Build info: version: '2.45.0', revision: '5017cb8', time: '2015-02-26 23:59:50'
System info: host: 'localhost', ip: '127.0.0.1', os.name: 'Mac OS X', os.arch: 'x86_64', os.version: '10.10.2', java.version: '1.7.0_25'
Driver info: driver.version: unknown
16:52:07.652 WARN - Exception: {"errorMessage":"Unable to find element with css selector 'button[name=btnG]'","request":{"headers":{"Accept-Encoding":"gzip,deflate","Connection":"Keep-Alive","Content-Length":"57","Content-Type":"application/json; charset=utf-8","Host":"localhost:15903","User-Agent":"Apache-HttpClient/4.3.6 (java 1.5)"},"httpVersion":"1.1","method":"POST","post":"{\"using\":\"css selector\",\"value\":\"button[name\\u003dbtnG]\"}","url":"/element","urlParsed":{"anchor":"","query":"","file":"element","directory":"/","path":"/element","relative":"/element","port":"","host":"","password":"","user":"","userInfo":"","authority":"","protocol":"","source":"/element","queryKey":{},"chunks":["element"]},"urlOriginal":"/session/e02c54f0-d7bd-11e4-9c44-b55725c1bb46/element"}}
For documentation on this error, please visit: http://seleniumhq.org/exceptions/no_such_element.html
Build info: version: '2.45.0', revision: '5017cb8', time: '2015-02-26 23:59:50'
System info: host: 'localhost', ip: '127.0.0.1', os.name: 'Mac OS X', os.arch: 'x86_64', os.version: '10.10.2', java.version: '1.7.0_25'
Driver info: driver.version: unknown
16:52:08.227 INFO - Executing: [find element: By.cssSelector: button[name=btnG]])
[ERROR - 2015-03-31T15:52:08.467Z] WebElementLocator - _handleLocateCommand - Element(s) NOT Found: GAVE UP. Search Stop Time: 1427817128430
16:52:08.910 WARN - Exception thrown
org.openqa.selenium.NoSuchElementException: {"errorMessage":"Unable to find element with css selector 'button[name=btnG]'","request":{"headers":{"Accept-Encoding":"gzip,deflate","Connection":"Keep-Alive","Content-Length":"57","Content-Type":"application/json; charset=utf-8","Host":"localhost:15903","User-Agent":"Apache-HttpClient/4.3.6 (java 1.5)"},"httpVersion":"1.1","method":"POST","post":"{\"using\":\"css selector\",\"value\":\"button[name\\u003dbtnG]\"}","url":"/element","urlParsed":{"anchor":"","query":"","file":"element","directory":"/","path":"/element","relative":"/element","port":"","host":"","password":"","user":"","userInfo":"","authority":"","protocol":"","source":"/element","queryKey":{},"chunks":["element"]},"urlOriginal":"/session/e02c54f0-d7bd-11e4-9c44-b55725c1bb46/element"}}
Command duration or timeout: 407 milliseconds
For documentation on this error, please visit: http://seleniumhq.org/exceptions/no_such_element.html
Build info: version: '2.45.0', revision: '5017cb8', time: '2015-02-26 23:59:50'
System info: host: 'localhost', ip: '127.0.0.1', os.name: 'Mac OS X', os.arch: 'x86_64', os.version: '10.10.2', java.version: '1.7.0_25'
*** Element info: {Using=css selector, value=button[name=btnG]}
Session ID: e02c54f0-d7bd-11e4-9c44-b55725c1bb46
Driver info: org.openqa.selenium.phantomjs.PhantomJSDriver
Capabilities [{platform=OS X 10.10, acceptSslCerts=false, javascriptEnabled=true, browserName=phantomjs, rotatable=false, driverVersion=1.1.0, locationContextEnabled=false, version=1.9.8, cssSelectorsEnabled=true, databaseEnabled=false, handlesAlerts=false, browserConnectionEnabled=false, proxy={proxyType=direct}, nativeEvents=true, webStorageEnabled=false, driverName=ghostdriver, applicationCacheEnabled=false, takesScreenshot=true}]
	at sun.reflect.NativeConstructorAccessorImpl.newInstance0(Native Method)
	at sun.reflect.NativeConstructorAccessorImpl.newInstance(NativeConstructorAccessorImpl.java:57)
	at sun.reflect.DelegatingConstructorAccessorImpl.newInstance(DelegatingConstructorAccessorImpl.java:45)
	at java.lang.reflect.Constructor.newInstance(Constructor.java:526)
	at org.openqa.selenium.remote.ErrorHandler.createThrowable(ErrorHandler.java:204)
	at org.openqa.selenium.remote.ErrorHandler.throwIfResponseFailed(ErrorHandler.java:156)
	at org.openqa.selenium.remote.RemoteWebDriver.execute(RemoteWebDriver.java:599)
	at org.openqa.selenium.remote.RemoteWebDriver.findElement(RemoteWebDriver.java:352)
	at org.openqa.selenium.remote.RemoteWebDriver.findElementByCssSelector(RemoteWebDriver.java:441)
	at org.openqa.selenium.By$ByCssSelector.findElement(By.java:426)
	at org.openqa.selenium.remote.RemoteWebDriver.findElement(RemoteWebDriver.java:344)
	at sun.reflect.NativeMethodAccessorImpl.invoke0(Native Method)
	at sun.reflect.NativeMethodAccessorImpl.invoke(NativeMethodAccessorImpl.java:57)
	at sun.reflect.DelegatingMethodAccessorImpl.invoke(DelegatingMethodAccessorImpl.java:43)
	at java.lang.reflect.Method.invoke(Method.java:606)
	at org.openqa.selenium.support.events.EventFiringWebDriver$2.invoke(EventFiringWebDriver.java:101)
	at com.sun.proxy.$Proxy1.findElement(Unknown Source)
	at org.openqa.selenium.support.events.EventFiringWebDriver.findElement(EventFiringWebDriver.java:184)
	at org.openqa.selenium.remote.server.handler.FindElement.call(FindElement.java:47)
	at org.openqa.selenium.remote.server.handler.FindElement.call(FindElement.java:1)
	at java.util.concurrent.FutureTask$Sync.innerRun(FutureTask.java:334)
	at java.util.concurrent.FutureTask.run(FutureTask.java:166)
	at org.openqa.selenium.remote.server.DefaultSession$1.run(DefaultSession.java:168)
	at java.util.concurrent.ThreadPoolExecutor.runWorker(ThreadPoolExecutor.java:1145)
	at java.util.concurrent.ThreadPoolExecutor$Worker.run(ThreadPoolExecutor.java:615)
	at java.lang.Thread.run(Thread.java:724)
Caused by: org.openqa.selenium.remote.ScreenshotException: Screen shot has been taken
Build info: version: '2.45.0', revision: '5017cb8', time: '2015-02-26 23:59:50'
System info: host: 'localhost', ip: '127.0.0.1', os.name: 'Mac OS X', os.arch: 'x86_64', os.version: '10.10.2', java.version: '1.7.0_25'
Driver info: driver.version: EventFiringWebDriver
	at org.openqa.selenium.remote.ErrorHandler.throwIfResponseFailed(ErrorHandler.java:136)
	... 20 more
Caused by: org.openqa.selenium.NoSuchElementException: {"errorMessage":"Unable to find element with css selector 'button[name=btnG]'","request":{"headers":{"Accept-Encoding":"gzip,deflate","Connection":"Keep-Alive","Content-Length":"57","Content-Type":"application/json; charset=utf-8","Host":"localhost:15903","User-Agent":"Apache-HttpClient/4.3.6 (java 1.5)"},"httpVersion":"1.1","method":"POST","post":"{\"using\":\"css selector\",\"value\":\"button[name\\u003dbtnG]\"}","url":"/element","urlParsed":{"anchor":"","query":"","file":"element","directory":"/","path":"/element","relative":"/element","port":"","host":"","password":"","user":"","userInfo":"","authority":"","protocol":"","source":"/element","queryKey":{},"chunks":["element"]},"urlOriginal":"/session/e02c54f0-d7bd-11e4-9c44-b55725c1bb46/element"}}
For documentation on this error, please visit: http://seleniumhq.org/exceptions/no_such_element.html
Build info: version: '2.45.0', revision: '5017cb8', time: '2015-02-26 23:59:50'
System info: host: 'localhost', ip: '127.0.0.1', os.name: 'Mac OS X', os.arch: 'x86_64', os.version: '10.10.2', java.version: '1.7.0_25'
Driver info: driver.version: unknown
16:52:08.915 WARN - Exception: {"errorMessage":"Unable to find element with css selector 'button[name=btnG]'","request":{"headers":{"Accept-Encoding":"gzip,deflate","Connection":"Keep-Alive","Content-Length":"57","Content-Type":"application/json; charset=utf-8","Host":"localhost:15903","User-Agent":"Apache-HttpClient/4.3.6 (java 1.5)"},"httpVersion":"1.1","method":"POST","post":"{\"using\":\"css selector\",\"value\":\"button[name\\u003dbtnG]\"}","url":"/element","urlParsed":{"anchor":"","query":"","file":"element","directory":"/","path":"/element","relative":"/element","port":"","host":"","password":"","user":"","userInfo":"","authority":"","protocol":"","source":"/element","queryKey":{},"chunks":["element"]},"urlOriginal":"/session/e02c54f0-d7bd-11e4-9c44-b55725c1bb46/element"}}
For documentation on this error, please visit: http://seleniumhq.org/exceptions/no_such_element.html
Build info: version: '2.45.0', revision: '5017cb8', time: '2015-02-26 23:59:50'
System info: host: 'localhost', ip: '127.0.0.1', os.name: 'Mac OS X', os.arch: 'x86_64', os.version: '10.10.2', java.version: '1.7.0_25'
Driver info: driver.version: unknown
16:52:08.988 INFO - Executing: [delete session: f70ba1ce-ab83-47bd-80dc-6ad8eb42ad9e])
[INFO  - 2015-03-31T15:52:08.997Z] ShutdownReqHand - _handle - About to shutdown
16:52:09.549 INFO - Done: [delete session: f70ba1ce-ab83-47bd-80dc-6ad8eb42ad9e]
16:52:09.558 INFO - Shutting down...
